react-native-ttlock/android/build/intermediates/manifest_merge_blame_file/debug/processDebugManifest/manifest-merger-blame-debug-report.txt
1<?xml version="1.0" encoding="utf-8"?>
2<manifest xmlns:android="http://schemas.android.com/apk/res/android"
3    xmlns:tools="http://schemas.android.com/tools"
4    package="com.reactnativettlock" >
5
6    <uses-sdk android:minSdkVersion="21" />
7
8    <uses-permission android:name="android.permission.BLUETOOTH_ADMIN" />
8-->src\main\AndroidManifest.xml:5:5-74
8-->src\main\AndroidManifest.xml:5:22-71
9    <uses-permission android:name="android.permission.BLUETOOTH" />
9-->src\main\AndroidManifest.xml:6:5-68
9-->src\main\AndroidManifest.xml:6:22-65
10    <uses-permission android:name="android.permission.ACCESS_COARSE_LOCATION" />
10-->src\main\AndroidManifest.xml:7:5-81
10-->src\main\AndroidManifest.xml:7:22-78
11    <uses-permission android:name="android.permission.ACCESS_FINE_LOCATION" />
11-->src\main\AndroidManifest.xml:8:5-79
11-->src\main\AndroidManifest.xml:8:22-76
12
13    <!--
14 Needed only if your app looks for Bluetooth devices.
15         You must add an attribute to this permission, or declare the
16         ACCESS_FINE_LOCATION permission, depending on the results when you
17         check location usage in your app.
18    -->
19    <uses-permission
19-->src\main\AndroidManifest.xml:16:5-18:31
20        android:name="android.permission.BLUETOOTH_SCAN"
20-->src\main\AndroidManifest.xml:17:9-57
21        tools:targetApi="s" />
21-->src\main\AndroidManifest.xml:18:9-28
22    <!--
23 Needed only if your app makes the device discoverable to Bluetooth
24         devices.
25    -->
26    <uses-permission android:name="android.permission.BLUETOOTH_ADVERTISE" />
26-->src\main\AndroidManifest.xml:23:5-78
26-->src\main\AndroidManifest.xml:23:22-75
27    <!--
28 Needed only if your app communicates with already-paired Bluetooth
29         devices.
30    -->
31    <uses-permission android:name="android.permission.BLUETOOTH_CONNECT" />
31-->src\main\AndroidManifest.xml:28:5-76
31-->src\main\AndroidManifest.xml:28:22-73
32
33</manifest>